d:\school\game engine development 2\game3015_a1\solution\initializedirect3d\x64\debug\vc143.pdb
d:\school\game engine development 2\game3015_a1\solution\initializedirect3d\x64\debug\vc143.idb
d:\school\game engine development 2\game3015_a1\solution\initializedirect3d\x64\debug\statestack.obj
d:\school\game engine development 2\game3015_a1\solution\initializedirect3d\x64\debug\state.obj
d:\school\game engine development 2\game3015_a1\solution\initializedirect3d\x64\debug\spritenode.obj
d:\school\game engine development 2\game3015_a1\solution\initializedirect3d\x64\debug\scenenode.obj
d:\school\game engine development 2\game3015_a1\solution\initializedirect3d\x64\debug\player.obj
d:\school\game engine development 2\game3015_a1\solution\initializedirect3d\x64\debug\main.obj
d:\school\game engine development 2\game3015_a1\solution\initializedirect3d\x64\debug\gamestate.obj
d:\school\game engine development 2\game3015_a1\solution\initializedirect3d\x64\debug\game.obj
d:\school\game engine development 2\game3015_a1\solution\initializedirect3d\x64\debug\frameresource.obj
d:\school\game engine development 2\game3015_a1\solution\initializedirect3d\x64\debug\entity.obj
d:\school\game engine development 2\game3015_a1\solution\initializedirect3d\x64\debug\commandqueue.obj
d:\school\game engine development 2\game3015_a1\solution\initializedirect3d\x64\debug\command.obj
d:\school\game engine development 2\game3015_a1\solution\initializedirect3d\x64\debug\aircraft.obj
d:\school\game engine development 2\game3015_a1\solution\initializedirect3d\x64\debug\mathhelper.obj
d:\school\game engine development 2\game3015_a1\solution\initializedirect3d\x64\debug\geometrygenerator.obj
d:\school\game engine development 2\game3015_a1\solution\initializedirect3d\x64\debug\gametimer.obj
d:\school\game engine development 2\game3015_a1\solution\initializedirect3d\x64\debug\ddstextureloader.obj
d:\school\game engine development 2\game3015_a1\solution\initializedirect3d\x64\debug\d3dutil.obj
d:\school\game engine development 2\game3015_a1\solution\initializedirect3d\x64\debug\d3dapp.obj
d:\school\game engine development 2\game3015_a1\solution\initializedirect3d\x64\debug\camera.obj
d:\school\game engine development 2\game3015_a1\solution\initializedirect3d\x64\debug\world.obj
d:\school\game engine development 2\game3015_a1\solution\initializedirect3d\x64\debug\titlestate.obj
d:\school\game engine development 2\game3015_a1\solution\x64\debug\initializedirect3d.exe
d:\school\game engine development 2\game3015_a1\solution\initializedirect3d\x64\debug\initializedirect3d.ilk
d:\school\game engine development 2\game3015_a1\solution\x64\debug\initializedirect3d.pdb
d:\school\game engine development 2\game3015_a1\solution\initializedirect3d\x64\debug\initiali.83d3c7a0.tlog\cl.read.1.tlog
d:\school\game engine development 2\game3015_a1\solution\initializedirect3d\x64\debug\initiali.83d3c7a0.tlog\cl.write.1.tlog
d:\school\game engine development 2\game3015_a1\solution\initializedirect3d\x64\debug\initiali.83d3c7a0.tlog\cl.command.1.tlog
d:\school\game engine development 2\game3015_a1\solution\initializedirect3d\x64\debug\initiali.83d3c7a0.tlog\link.read.3.tlog
d:\school\game engine development 2\game3015_a1\solution\initializedirect3d\x64\debug\initiali.83d3c7a0.tlog\link.write.1.tlog
d:\school\game engine development 2\game3015_a1\solution\initializedirect3d\x64\debug\initiali.83d3c7a0.tlog\link.command.1.tlog
d:\school\game engine development 2\game3015_a1\solution\initializedirect3d\x64\debug\initiali.83d3c7a0.tlog\cl.items.tlog
